<?xml version="1.0" encoding="UTF-8"?>
<!-- Generated by org.testng.reporters.JUnitReportReporter -->
<testsuite skipped="0" hostname="DESKTOP-CH232R2" name="Academy.ValidateContact" tests="1" failures="0" timestamp="07 Mar 2020 15:44:38 GMT" time="53.759" errors="0">
  <testcase name="basePageNavigation" time="53.759" classname="Academy.ValidateContact"/>
</testsuite> <!-- Academy.ValidateContact -->
