<?xml version="1.0" encoding="UTF-8"?>
<!-- Generated by org.testng.reporters.JUnitReportReporter -->
<testsuite skipped="0" hostname="DESKTOP-CH232R2" name="Academy.HomePageTestCase" tests="2" failures="0" timestamp="07 Mar 2020 17:46:29 GMT" time="81.596" errors="0">
  <testcase name="basePageNavigation" time="26.652" classname="Academy.HomePageTestCase"/>
  <testcase name="basePageNavigation" time="54.944" classname="Academy.HomePageTestCase"/>
</testsuite> <!-- Academy.HomePageTestCase -->
